TN:
SF:/home/cadenet/Documents/NodeFinal/server.js
FN:17,(anonymous_0)
FN:18,(anonymous_1)
FN:45,(anonymous_2)
FNF:3
FNH:2
FNDA:1,(anonymous_0)
FNDA:0,(anonymous_1)
FNDA:1,(anonymous_2)
DA:1,1
DA:2,1
DA:3,1
DA:4,1
DA:5,1
DA:6,1
DA:7,1
DA:9,1
DA:10,1
DA:11,1
DA:13,1
DA:15,1
DA:16,1
DA:17,1
DA:18,0
DA:21,1
DA:23,1
DA:24,1
DA:26,1
DA:28,1
DA:29,1
DA:30,1
DA:32,1
DA:41,1
DA:42,1
DA:43,1
DA:45,1
DA:47,1
DA:50,1
LF:29
LH:28
BRDA:13,0,0,1
BRDA:13,0,1,1
BRF:2
BRH:2
end_of_record
TN:
SF:/home/cadenet/Documents/NodeFinal/form_valid/is_empty.js
FN:1,(anonymous_0)
FNF:1
FNH:1
FNDA:34,(anonymous_0)
DA:1,1
DA:2,34
DA:10,1
LF:3
LH:3
BRDA:3,0,0,34
BRDA:3,0,1,34
BRDA:3,0,2,34
BRDA:3,0,3,8
BRDA:3,0,4,28
BRDA:3,0,5,26
BRF:6
BRH:6
end_of_record
TN:
SF:/home/cadenet/Documents/NodeFinal/form_valid/login.js
FN:5,validateLoginInput
FNF:1
FNH:1
FNDA:3,validateLoginInput
DA:2,1
DA:3,1
DA:5,1
DA:6,3
DA:7,3
DA:8,3
DA:10,3
DA:11,1
DA:14,3
DA:15,0
DA:18,3
DA:19,1
DA:22,3
DA:23,0
DA:26,3
LF:15
LH:13
BRDA:7,0,0,3
BRDA:7,0,1,0
BRDA:8,1,0,3
BRDA:8,1,1,0
BRDA:10,2,0,1
BRDA:10,2,1,2
BRDA:14,3,0,0
BRDA:14,3,1,3
BRDA:18,4,0,1
BRDA:18,4,1,2
BRDA:22,5,0,0
BRDA:22,5,1,3
BRF:12
BRH:8
end_of_record
TN:
SF:/home/cadenet/Documents/NodeFinal/form_valid/register.js
FN:6,validateRegisterInput
FNF:1
FNH:1
FNDA:5,validateRegisterInput
DA:3,1
DA:4,1
DA:6,1
DA:7,5
DA:9,5
DA:10,5
DA:11,5
DA:12,5
DA:14,5
DA:15,0
DA:18,5
DA:19,0
DA:22,5
DA:23,0
DA:26,5
DA:27,0
DA:30,5
DA:31,1
DA:34,5
DA:35,0
DA:38,5
DA:39,1
DA:42,5
DA:43,0
DA:46,5
DA:47,0
DA:50,5
LF:27
LH:20
BRDA:9,0,0,5
BRDA:9,0,1,0
BRDA:10,1,0,5
BRDA:10,1,1,0
BRDA:11,2,0,5
BRDA:11,2,1,0
BRDA:12,3,0,5
BRDA:12,3,1,0
BRDA:14,4,0,0
BRDA:14,4,1,5
BRDA:18,5,0,0
BRDA:18,5,1,5
BRDA:22,6,0,0
BRDA:22,6,1,5
BRDA:26,7,0,0
BRDA:26,7,1,5
BRDA:30,8,0,1
BRDA:30,8,1,4
BRDA:34,9,0,0
BRDA:34,9,1,5
BRDA:38,10,0,1
BRDA:38,10,1,4
BRDA:42,11,0,0
BRDA:42,11,1,5
BRDA:46,12,0,0
BRDA:46,12,1,5
BRF:26
BRH:15
end_of_record
TN:
SF:/home/cadenet/Documents/NodeFinal/model/auth.model.js
FNF:0
FNH:0
DA:2,1
DA:4,1
DA:6,1
DA:32,1
DA:34,1
LF:5
LH:5
BRF:0
BRH:0
end_of_record
TN:
SF:/home/cadenet/Documents/NodeFinal/model/school.model.js
FNF:0
FNH:0
DA:3,1
DA:4,1
DA:6,1
DA:38,1
LF:4
LH:4
BRF:0
BRH:0
end_of_record
TN:
SF:/home/cadenet/Documents/NodeFinal/route/auth.route.js
FN:10,(anonymous_0)
FN:19,(anonymous_1)
FN:73,(anonymous_2)
FN:82,(anonymous_3)
FN:186,(anonymous_4)
FN:195,(anonymous_5)
FN:236,(anonymous_6)
FN:258,(anonymous_7)
FN:278,(anonymous_8)
FN:284,(anonymous_9)
FN:324,(anonymous_10)
FN:349,(anonymous_11)
FN:399,(anonymous_12)
FN:401,(anonymous_13)
FNF:14
FNH:10
FNDA:1,(anonymous_0)
FNDA:0,(anonymous_1)
FNDA:1,(anonymous_2)
FNDA:0,(anonymous_3)
FNDA:1,(anonymous_4)
FNDA:1,(anonymous_5)
FNDA:7,(anonymous_6)
FNDA:3,(anonymous_7)
FNDA:2,(anonymous_8)
FNDA:2,(anonymous_9)
FNDA:2,(anonymous_10)
FNDA:2,(anonymous_11)
FNDA:0,(anonymous_12)
FNDA:0,(anonymous_13)
DA:1,1
DA:2,1
DA:3,1
DA:4,1
DA:5,1
DA:6,1
DA:7,1
DA:8,1
DA:10,1
DA:11,1
DA:12,1
DA:13,1
DA:15,1
DA:18,1
DA:19,0
DA:20,0
DA:21,0
DA:23,0
DA:24,0
DA:43,0
DA:52,1
DA:73,1
DA:74,1
DA:75,1
DA:76,1
DA:78,1
DA:81,1
DA:82,0
DA:83,0
DA:84,0
DA:86,0
DA:87,0
DA:130,0
DA:139,1
DA:186,1
DA:189,1
DA:190,1
DA:192,1
DA:195,1
DA:196,1
DA:197,0
DA:199,1
DA:200,1
DA:221,0
DA:222,0
DA:224,0
DA:236,1
DA:237,7
DA:238,0
DA:239,0
DA:240,0
DA:241,0
DA:244,7
DA:250,4
DA:252,4
DA:253,1
DA:256,3
DA:259,3
DA:260,1
DA:264,2
DA:270,2
DA:278,2
DA:279,2
DA:281,2
DA:282,2
DA:284,2
DA:285,2
DA:295,3
DA:296,3
DA:298,3
DA:299,1
DA:321,2
DA:322,2
DA:324,2
DA:325,2
DA:326,0
DA:327,0
DA:349,2
DA:350,2
DA:351,2
DA:358,2
DA:360,2
DA:366,0
DA:367,0
DA:391,0
DA:392,0
DA:393,0
DA:399,1
DA:400,0
DA:401,0
DA:402,0
DA:403,0
DA:405,0
DA:411,1
LF:94
LH:62
BRDA:18,0,0,0
BRDA:18,0,1,1
BRDA:18,1,0,1
BRDA:18,1,1,0
BRDA:20,2,0,0
BRDA:20,2,1,0
BRDA:23,3,0,0
BRDA:23,3,1,0
BRDA:81,4,0,0
BRDA:81,4,1,1
BRDA:83,5,0,0
BRDA:83,5,1,0
BRDA:86,6,0,0
BRDA:86,6,1,0
BRDA:196,7,0,0
BRDA:196,7,1,1
BRDA:199,8,0,1
BRDA:199,8,1,0
BRDA:237,9,0,0
BRDA:237,9,1,7
BRDA:244,10,0,4
BRDA:244,10,1,3
BRDA:245,11,0,7
BRDA:245,11,1,4
BRDA:245,11,2,4
BRDA:245,11,3,4
BRDA:252,12,0,1
BRDA:252,12,1,3
BRDA:259,13,0,1
BRDA:259,13,1,2
BRDA:279,14,0,0
BRDA:279,14,1,2
BRDA:295,15,0,3
BRDA:295,15,1,0
BRDA:295,16,0,3
BRDA:295,16,1,3
BRDA:298,17,0,1
BRDA:298,17,1,2
BRDA:325,18,0,0
BRDA:325,18,1,2
BRDA:350,19,0,2
BRDA:350,19,1,0
BRDA:400,20,0,0
BRDA:400,20,1,0
BRDA:402,21,0,0
BRDA:402,21,1,0
BRF:46
BRH:24
end_of_record
TN:
SF:/home/cadenet/Documents/NodeFinal/route/school.route.js
FN:10,(anonymous_0)
FN:27,(anonymous_1)
FN:106,(anonymous_2)
FN:126,(anonymous_3)
FN:135,(anonymous_4)
FN:135,(anonymous_5)
FN:203,(anonymous_6)
FN:225,(anonymous_7)
FN:234,(anonymous_8)
FN:234,(anonymous_9)
FN:302,(anonymous_10)
FN:324,(anonymous_11)
FN:352,(anonymous_12)
FN:376,(anonymous_13)
FN:379,(anonymous_14)
FN:387,(anonymous_15)
FN:409,(anonymous_16)
FN:411,(anonymous_17)
FN:445,(anonymous_18)
FN:462,(anonymous_19)
FN:471,(anonymous_20)
FN:550,(anonymous_21)
FN:569,(anonymous_22)
FN:584,(anonymous_23)
FN:587,(anonymous_24)
FN:598,(anonymous_25)
FN:617,(anonymous_26)
FNF:27
FNH:23
FNDA:1,(anonymous_0)
FNDA:245,(anonymous_1)
FNDA:2,(anonymous_2)
FNDA:1,(anonymous_3)
FNDA:2,(anonymous_4)
FNDA:0,(anonymous_5)
FNDA:1,(anonymous_6)
FNDA:1,(anonymous_7)
FNDA:2,(anonymous_8)
FNDA:0,(anonymous_9)
FNDA:1,(anonymous_10)
FNDA:1,(anonymous_11)
FNDA:1,(anonymous_12)
FNDA:1,(anonymous_13)
FNDA:0,(anonymous_14)
FNDA:2,(anonymous_15)
FNDA:1,(anonymous_16)
FNDA:1,(anonymous_17)
FNDA:1,(anonymous_18)
FNDA:245,(anonymous_19)
FNDA:1,(anonymous_20)
FNDA:1,(anonymous_21)
FNDA:1,(anonymous_22)
FNDA:1,(anonymous_23)
FNDA:0,(anonymous_24)
FNDA:1,(anonymous_25)
FNDA:1,(anonymous_26)
DA:3,1
DA:4,1
DA:5,1
DA:6,1
DA:10,1
DA:13,1
DA:15,1
DA:16,1
DA:17,1
DA:18,1
DA:20,0
DA:21,0
DA:22,0
DA:25,1
DA:27,1
DA:28,245
DA:31,1
DA:35,1
DA:100,0
DA:106,1
DA:109,2
DA:111,2
DA:112,2
DA:113,2
DA:114,2
DA:116,0
DA:117,0
DA:118,0
DA:121,2
DA:126,1
DA:127,1
DA:128,0
DA:130,1
DA:131,1
DA:132,1
DA:133,1
DA:135,2
DA:136,0
DA:142,1
DA:147,1
DA:148,0
DA:149,0
DA:151,0
DA:154,0
DA:155,0
DA:157,0
DA:160,0
DA:162,0
DA:163,0
DA:164,0
DA:166,0
DA:169,0
DA:170,0
DA:174,0
DA:181,0
DA:184,1
DA:186,1
DA:197,1
DA:203,1
DA:206,1
DA:208,1
DA:209,1
DA:210,1
DA:211,1
DA:213,0
DA:214,0
DA:215,0
DA:218,1
DA:222,1
DA:226,1
DA:227,0
DA:229,1
DA:230,1
DA:231,1
DA:232,1
DA:234,2
DA:235,0
DA:241,1
DA:246,1
DA:247,0
DA:248,0
DA:250,0
DA:253,0
DA:254,0
DA:256,0
DA:259,0
DA:261,0
DA:262,0
DA:263,0
DA:265,0
DA:268,0
DA:269,0
DA:273,0
DA:280,0
DA:283,1
DA:285,1
DA:296,0
DA:302,1
DA:305,1
DA:307,1
DA:308,1
DA:309,1
DA:310,1
DA:312,0
DA:313,0
DA:314,0
DA:317,1
DA:321,1
DA:325,1
DA:327,1
DA:347,0
DA:352,1
DA:355,1
DA:357,1
DA:358,1
DA:359,1
DA:360,1
DA:362,0
DA:363,0
DA:364,0
DA:367,1
DA:371,1
DA:372,1
DA:374,1
DA:377,1
DA:380,0
DA:383,0
DA:387,1
DA:390,2
DA:392,2
DA:393,2
DA:394,2
DA:395,2
DA:397,0
DA:398,0
DA:399,0
DA:402,2
DA:407,1
DA:409,1
DA:410,1
DA:411,1
DA:412,1
DA:413,0
DA:415,1
DA:436,0
DA:440,1
DA:445,1
DA:448,1
DA:450,1
DA:451,1
DA:452,1
DA:453,1
DA:455,0
DA:456,0
DA:457,0
DA:460,1
DA:462,1
DA:463,245
DA:466,1
DA:470,1
DA:471,1
DA:472,1
DA:545,0
DA:550,1
DA:553,1
DA:555,1
DA:556,1
DA:557,1
DA:558,1
DA:560,0
DA:561,0
DA:562,0
DA:565,1
DA:569,1
DA:570,1
DA:572,1
DA:573,1
DA:574,1
DA:575,1
DA:576,1
DA:577,1
DA:578,1
DA:579,1
DA:580,1
DA:582,1
DA:585,1
DA:588,0
DA:593,0
DA:598,1
DA:601,1
DA:603,1
DA:604,1
DA:605,1
DA:606,1
DA:608,0
DA:609,0
DA:610,0
DA:613,1
DA:617,1
DA:621,1
DA:622,0
DA:624,1
DA:628,0
DA:632,1
LF:204
LH:131
BRDA:31,0,0,1
BRDA:31,0,1,0
BRDA:32,1,0,1
BRDA:32,1,1,1
BRDA:121,2,0,1
BRDA:121,2,1,1
BRDA:122,3,0,2
BRDA:122,3,1,2
BRDA:122,3,2,1
BRDA:127,4,0,0
BRDA:127,4,1,1
BRDA:136,5,0,0
BRDA:136,5,1,0
BRDA:138,6,0,0
BRDA:138,6,1,0
BRDA:148,7,0,0
BRDA:148,7,1,0
BRDA:154,8,0,0
BRDA:154,8,1,0
BRDA:163,9,0,0
BRDA:163,9,1,0
BRDA:169,10,0,0
BRDA:169,10,1,0
BRDA:218,11,0,1
BRDA:218,11,1,0
BRDA:219,12,0,1
BRDA:219,12,1,1
BRDA:226,13,0,0
BRDA:226,13,1,1
BRDA:235,14,0,0
BRDA:235,14,1,0
BRDA:237,15,0,0
BRDA:237,15,1,0
BRDA:247,16,0,0
BRDA:247,16,1,0
BRDA:253,17,0,0
BRDA:253,17,1,0
BRDA:262,18,0,0
BRDA:262,18,1,0
BRDA:268,19,0,0
BRDA:268,19,1,0
BRDA:317,20,0,1
BRDA:317,20,1,0
BRDA:318,21,0,1
BRDA:318,21,1,1
BRDA:325,22,0,0
BRDA:325,22,1,1
BRDA:367,23,0,1
BRDA:367,23,1,0
BRDA:368,24,0,1
BRDA:368,24,1,1
BRDA:402,25,0,1
BRDA:402,25,1,1
BRDA:403,26,0,2
BRDA:403,26,1,2
BRDA:403,26,2,1
BRDA:410,27,0,1
BRDA:410,27,1,0
BRDA:412,28,0,0
BRDA:412,28,1,1
BRDA:466,29,0,1
BRDA:466,29,1,0
BRDA:467,30,0,1
BRDA:467,30,1,1
BRDA:565,31,0,1
BRDA:565,31,1,0
BRDA:566,32,0,1
BRDA:566,32,1,1
BRDA:570,33,0,0
BRDA:570,33,1,1
BRDA:613,34,0,1
BRDA:613,34,1,0
BRDA:614,35,0,1
BRDA:614,35,1,1
BRDA:621,36,0,0
BRDA:621,36,1,1
BRF:76
BRH:38
end_of_record
TN:
SF:/home/cadenet/Documents/NodeFinal/route/user.route.js
FN:9,(anonymous_0)
FN:29,(anonymous_1)
FN:43,(anonymous_2)
FN:64,(anonymous_3)
FN:66,(anonymous_4)
FN:98,(anonymous_5)
FN:119,(anonymous_6)
FN:121,(anonymous_7)
FN:180,(anonymous_8)
FN:211,(anonymous_9)
FN:245,(anonymous_10)
FN:264,(anonymous_11)
FN:278,(anonymous_12)
FN:281,(anonymous_13)
FN:285,(anonymous_14)
FN:309,(anonymous_15)
FN:329,(anonymous_16)
FNF:17
FNH:16
FNDA:2,(anonymous_0)
FNDA:1,(anonymous_1)
FNDA:1,(anonymous_2)
FNDA:1,(anonymous_3)
FNDA:0,(anonymous_4)
FNDA:1,(anonymous_5)
FNDA:1,(anonymous_6)
FNDA:1,(anonymous_7)
FNDA:2,(anonymous_8)
FNDA:2,(anonymous_9)
FNDA:1,(anonymous_10)
FNDA:1,(anonymous_11)
FNDA:1,(anonymous_12)
FNDA:1,(anonymous_13)
FNDA:1,(anonymous_14)
FNDA:2,(anonymous_15)
FNDA:1,(anonymous_16)
DA:1,1
DA:2,1
DA:3,1
DA:4,1
DA:5,1
DA:9,1
DA:12,2
DA:14,2
DA:15,2
DA:16,2
DA:17,2
DA:19,0
DA:20,0
DA:21,0
DA:24,2
DA:29,1
DA:30,1
DA:31,0
DA:33,1
DA:37,1
DA:43,1
DA:46,1
DA:48,1
DA:49,1
DA:50,1
DA:51,1
DA:53,0
DA:54,0
DA:55,0
DA:58,1
DA:62,1
DA:64,1
DA:65,1
DA:66,0
DA:67,0
DA:68,0
DA:70,0
DA:88,1
DA:92,0
DA:98,1
DA:101,1
DA:103,1
DA:104,1
DA:105,1
DA:106,1
DA:108,0
DA:109,0
DA:110,0
DA:113,1
DA:117,1
DA:119,1
DA:120,1
DA:121,1
DA:122,1
DA:170,0
DA:174,0
DA:180,1
DA:183,2
DA:185,2
DA:186,2
DA:188,0
DA:190,2
DA:191,2
DA:192,2
DA:194,0
DA:197,2
DA:201,2
DA:202,2
DA:204,2
DA:205,2
DA:206,2
DA:208,0
DA:211,2
DA:212,2
DA:213,1
DA:217,2
DA:221,1
DA:236,1
DA:239,0
DA:245,1
DA:248,1
DA:250,1
DA:251,1
DA:252,1
DA:253,1
DA:255,0
DA:256,0
DA:257,0
DA:260,1
DA:264,1
DA:265,1
DA:267,1
DA:269,1
DA:270,0
DA:273,1
DA:274,1
DA:275,1
DA:276,1
DA:278,1
DA:279,1
DA:281,1
DA:282,1
DA:284,1
DA:285,1
DA:286,1
DA:287,1
DA:291,0
DA:303,0
DA:309,1
DA:312,2
DA:314,2
DA:315,2
DA:316,2
DA:317,2
DA:319,0
DA:320,0
DA:321,0
DA:324,2
DA:329,1
DA:330,1
DA:331,0
DA:333,1
DA:334,0
DA:338,1
DA:343,1
DA:347,1
LF:126
LH:94
BRDA:24,0,0,1
BRDA:24,0,1,1
BRDA:25,1,0,2
BRDA:25,1,1,2
BRDA:25,1,2,2
BRDA:30,2,0,0
BRDA:30,2,1,1
BRDA:58,3,0,1
BRDA:58,3,1,0
BRDA:59,4,0,1
BRDA:59,4,1,1
BRDA:65,5,0,0
BRDA:65,5,1,1
BRDA:67,6,0,0
BRDA:67,6,1,0
BRDA:113,7,0,1
BRDA:113,7,1,0
BRDA:114,8,0,1
BRDA:114,8,1,1
BRDA:120,9,0,1
BRDA:120,9,1,0
BRDA:120,10,0,1
BRDA:120,10,1,0
BRDA:197,11,0,2
BRDA:197,11,1,0
BRDA:198,12,0,2
BRDA:198,12,1,2
BRDA:212,13,0,1
BRDA:212,13,1,1
BRDA:217,14,0,1
BRDA:217,14,1,1
BRDA:218,15,0,2
BRDA:218,15,1,1
BRDA:260,16,0,1
BRDA:260,16,1,0
BRDA:261,17,0,1
BRDA:261,17,1,1
BRDA:265,18,0,0
BRDA:265,18,1,1
BRDA:269,19,0,0
BRDA:269,19,1,1
BRDA:279,20,0,0
BRDA:279,20,1,1
BRDA:282,21,0,0
BRDA:282,21,1,1
BRDA:286,22,0,1
BRDA:286,22,1,0
BRDA:324,23,0,1
BRDA:324,23,1,1
BRDA:325,24,0,2
BRDA:325,24,1,2
BRDA:325,24,2,2
BRDA:330,25,0,0
BRDA:330,25,1,1
BRDA:333,26,0,0
BRDA:333,26,1,1
BRF:56
BRH:39
end_of_record
