TN:
SF:/home/cadenet/Documents/NodeFinal/dist/server.js
FN:14,(anonymous_0)
FN:14,(anonymous_1)
FN:33,(anonymous_2)
FNF:3
FNH:2
FNDA:1,(anonymous_0)
FNDA:0,(anonymous_1)
FNDA:1,(anonymous_2)
DA:2,1
DA:3,1
DA:4,1
DA:5,1
DA:6,1
DA:7,1
DA:8,1
DA:9,1
DA:10,1
DA:11,1
DA:12,1
DA:13,1
DA:14,1
DA:15,1
DA:16,1
DA:17,1
DA:18,1
DA:19,1
DA:20,1
DA:21,1
DA:22,1
DA:30,1
DA:31,1
DA:32,1
DA:33,1
DA:35,1
DA:37,1
LF:27
LH:27
BRDA:12,0,0,1
BRDA:12,0,1,1
BRF:2
BRH:2
end_of_record
TN:
SF:/home/cadenet/Documents/NodeFinal/dist/form_valid/is_empty.js
FN:2,(anonymous_0)
FNF:1
FNH:1
FNDA:34,(anonymous_0)
DA:2,1
DA:3,34
DA:8,1
LF:3
LH:3
BRDA:3,0,0,34
BRDA:3,0,1,28
BRDA:3,0,2,28
BRDA:3,0,3,2
BRDA:3,0,4,28
BRDA:3,0,5,26
BRF:6
BRH:6
end_of_record
TN:
SF:/home/cadenet/Documents/NodeFinal/dist/form_valid/login.js
FN:4,validateLoginInput
FNF:1
FNH:1
FNDA:3,validateLoginInput
DA:2,1
DA:3,1
DA:4,1
DA:6,3
DA:7,3
DA:8,3
DA:9,3
DA:10,3
DA:11,1
DA:13,3
DA:14,0
DA:16,3
DA:17,1
DA:19,3
DA:20,0
DA:22,3
DA:24,1
DA:26,3
LF:18
LH:16
BRDA:8,0,0,3
BRDA:8,0,1,0
BRDA:9,1,0,3
BRDA:9,1,1,0
BRDA:10,2,0,1
BRDA:10,2,1,2
BRDA:13,3,0,0
BRDA:13,3,1,3
BRDA:16,4,0,1
BRDA:16,4,1,2
BRDA:19,5,0,0
BRDA:19,5,1,3
BRDA:22,6,0,1
BRDA:22,6,1,2
BRDA:22,7,0,3
BRDA:22,7,1,2
BRF:16
BRH:12
end_of_record
TN:
SF:/home/cadenet/Documents/NodeFinal/dist/form_valid/register.js
FN:3,(anonymous_0)
FN:9,validateRegisterInput
FNF:2
FNH:2
FNDA:1,(anonymous_0)
FNDA:5,validateRegisterInput
DA:3,1
DA:4,1
DA:6,1
DA:7,1
DA:8,1
DA:9,1
DA:11,5
DA:12,5
DA:13,5
DA:14,5
DA:15,5
DA:16,5
DA:17,5
DA:18,5
DA:19,5
DA:20,0
DA:22,5
DA:23,0
DA:25,5
DA:26,0
DA:28,5
DA:29,0
DA:31,5
DA:32,1
DA:34,5
DA:35,0
DA:37,5
DA:38,1
DA:40,5
DA:41,0
DA:43,5
DA:44,0
DA:46,5
DA:50,1
DA:52,5
LF:35
LH:28
BRDA:3,0,0,1
BRDA:3,0,1,1
BRDA:3,0,2,1
BRDA:4,1,0,0
BRDA:4,1,1,1
BRDA:4,2,0,1
BRDA:4,2,1,1
BRDA:15,3,0,5
BRDA:15,3,1,0
BRDA:16,4,0,5
BRDA:16,4,1,0
BRDA:17,5,0,5
BRDA:17,5,1,0
BRDA:18,6,0,5
BRDA:18,6,1,0
BRDA:19,7,0,0
BRDA:19,7,1,5
BRDA:22,8,0,0
BRDA:22,8,1,5
BRDA:25,9,0,0
BRDA:25,9,1,5
BRDA:28,10,0,0
BRDA:28,10,1,5
BRDA:31,11,0,1
BRDA:31,11,1,4
BRDA:34,12,0,0
BRDA:34,12,1,5
BRDA:37,13,0,1
BRDA:37,13,1,4
BRDA:40,14,0,0
BRDA:40,14,1,5
BRDA:43,15,0,0
BRDA:43,15,1,5
BRDA:46,16,0,1
BRDA:46,16,1,4
BRDA:46,17,0,5
BRDA:46,17,1,4
BRDA:46,17,2,4
BRDA:46,17,3,4
BRF:39
BRH:27
end_of_record
TN:
SF:/home/cadenet/Documents/NodeFinal/dist/model/auth.model.js
FN:2,(anonymous_0)
FNF:1
FNH:1
FNDA:1,(anonymous_0)
DA:2,1
DA:3,1
DA:5,1
DA:7,1
DA:8,1
DA:9,1
DA:33,1
DA:34,1
LF:8
LH:8
BRDA:2,0,0,1
BRDA:2,0,1,1
BRDA:2,0,2,1
BRDA:3,1,0,0
BRDA:3,1,1,1
BRDA:3,2,0,1
BRDA:3,2,1,1
BRF:7
BRH:6
end_of_record
TN:
SF:/home/cadenet/Documents/NodeFinal/dist/model/school.model.js
FN:3,(anonymous_0)
FNF:1
FNH:1
FNDA:1,(anonymous_0)
DA:3,1
DA:4,1
DA:6,1
DA:7,1
DA:8,1
DA:9,1
DA:40,1
LF:7
LH:7
BRDA:3,0,0,1
BRDA:3,0,1,1
BRDA:3,0,2,1
BRDA:4,1,0,0
BRDA:4,1,1,1
BRDA:4,2,0,1
BRDA:4,2,1,1
BRF:7
BRH:6
end_of_record
TN:
SF:/home/cadenet/Documents/NodeFinal/dist/route/auth.route.js
FN:2,(anonymous_0)
FN:3,adopt
FN:3,(anonymous_2)
FN:4,(anonymous_3)
FN:5,fulfilled
FN:6,rejected
FN:7,step
FN:11,(anonymous_7)
FN:12,(anonymous_8)
FN:13,(anonymous_9)
FN:14,verb
FN:14,(anonymous_11)
FN:15,step
FN:38,(anonymous_13)
FN:53,(anonymous_14)
FN:54,(anonymous_15)
FN:56,(anonymous_16)
FN:65,(anonymous_17)
FN:128,(anonymous_18)
FN:129,(anonymous_19)
FN:131,(anonymous_20)
FN:140,(anonymous_21)
FN:248,(anonymous_22)
FN:249,(anonymous_23)
FN:251,(anonymous_24)
FN:259,(anonymous_25)
FN:260,(anonymous_26)
FN:261,(anonymous_27)
FN:305,(anonymous_28)
FN:306,(anonymous_29)
FN:308,(anonymous_30)
FN:325,(anonymous_31)
FN:344,(anonymous_32)
FN:352,(anonymous_33)
FN:390,(anonymous_34)
FN:414,(anonymous_35)
FN:465,(anonymous_36)
FN:467,(anonymous_37)
FNF:38
FNH:30
FNDA:11,(anonymous_0)
FNDA:0,adopt
FNDA:0,(anonymous_2)
FNDA:11,(anonymous_3)
FNDA:0,fulfilled
FNDA:0,rejected
FNDA:11,step
FNDA:11,(anonymous_7)
FNDA:0,(anonymous_8)
FNDA:0,(anonymous_9)
FNDA:33,verb
FNDA:11,(anonymous_11)
FNDA:11,step
FNDA:1,(anonymous_13)
FNDA:1,(anonymous_14)
FNDA:1,(anonymous_15)
FNDA:1,(anonymous_16)
FNDA:1,(anonymous_17)
FNDA:1,(anonymous_18)
FNDA:1,(anonymous_19)
FNDA:1,(anonymous_20)
FNDA:1,(anonymous_21)
FNDA:1,(anonymous_22)
FNDA:1,(anonymous_23)
FNDA:1,(anonymous_24)
FNDA:1,(anonymous_25)
FNDA:1,(anonymous_26)
FNDA:1,(anonymous_27)
FNDA:7,(anonymous_28)
FNDA:7,(anonymous_29)
FNDA:7,(anonymous_30)
FNDA:3,(anonymous_31)
FNDA:2,(anonymous_32)
FNDA:2,(anonymous_33)
FNDA:2,(anonymous_34)
FNDA:2,(anonymous_35)
FNDA:0,(anonymous_36)
FNDA:0,(anonymous_37)
DA:2,1
DA:3,0
DA:4,11
DA:5,0
DA:6,0
DA:7,11
DA:8,11
DA:11,1
DA:12,11
DA:13,11
DA:14,33
DA:16,11
DA:17,22
DA:18,22
DA:19,22
DA:20,22
DA:21,11
DA:22,0
DA:23,0
DA:24,0
DA:26,11
DA:27,0
DA:28,0
DA:29,0
DA:30,0
DA:31,0
DA:33,11
DA:34,22
DA:35,11
DA:38,1
DA:39,1
DA:40,1
DA:41,11
DA:42,1
DA:43,1
DA:45,1
DA:46,1
DA:47,1
DA:48,1
DA:49,1
DA:50,1
DA:51,1
DA:52,1
DA:53,1
DA:54,1
DA:56,1
DA:57,1
DA:58,1
DA:59,1
DA:62,0
DA:64,1
DA:65,1
DA:66,1
DA:67,0
DA:70,1
DA:71,0
DA:93,1
DA:103,0
DA:124,1
DA:128,1
DA:129,1
DA:131,1
DA:132,1
DA:133,1
DA:134,1
DA:137,0
DA:139,1
DA:140,1
DA:141,1
DA:142,0
DA:145,1
DA:146,0
DA:190,1
DA:200,0
DA:243,1
DA:248,1
DA:249,1
DA:251,1
DA:252,1
DA:253,1
DA:254,1
DA:257,0
DA:259,1
DA:260,1
DA:261,1
DA:262,1
DA:263,0
DA:266,1
DA:267,0
DA:289,1
DA:296,0
DA:300,1
DA:305,1
DA:306,7
DA:308,7
DA:309,7
DA:310,0
DA:311,0
DA:312,0
DA:313,0
DA:315,7
DA:319,4
DA:320,4
DA:321,1
DA:323,3
DA:326,3
DA:327,1
DA:332,2
DA:337,2
DA:344,2
DA:345,2
DA:346,0
DA:349,2
DA:350,2
DA:351,2
DA:352,2
DA:353,2
DA:364,3
DA:365,3
DA:366,3
DA:367,1
DA:388,2
DA:389,2
DA:390,2
DA:391,2
DA:392,0
DA:393,0
DA:414,2
DA:415,2
DA:416,2
DA:422,2
DA:423,2
DA:430,0
DA:431,0
DA:456,0
DA:457,0
DA:458,0
DA:460,5
DA:465,1
DA:466,0
DA:467,0
DA:468,0
DA:469,0
DA:472,0
DA:477,1
LF:145
LH:105
BRDA:2,0,0,1
BRDA:2,0,1,1
BRDA:2,0,2,1
BRDA:3,1,0,0
BRDA:3,1,1,0
BRDA:4,2,0,11
BRDA:4,2,1,11
BRDA:7,3,0,11
BRDA:7,3,1,0
BRDA:8,4,0,11
BRDA:8,4,1,11
BRDA:11,5,0,1
BRDA:11,5,1,1
BRDA:11,5,2,1
BRDA:12,6,0,0
BRDA:12,6,1,0
BRDA:13,7,0,11
BRDA:13,7,1,11
BRDA:16,8,0,0
BRDA:16,8,1,11
BRDA:18,9,0,0
BRDA:18,9,1,22
BRDA:18,10,0,22
BRDA:18,10,1,0
BRDA:18,10,2,0
BRDA:18,11,0,0
BRDA:18,11,1,0
BRDA:18,12,0,0
BRDA:18,12,1,0
BRDA:18,13,0,0
BRDA:18,13,1,0
BRDA:18,14,0,0
BRDA:18,14,1,0
BRDA:19,15,0,0
BRDA:19,15,1,22
BRDA:20,16,0,11
BRDA:20,16,1,11
BRDA:20,16,2,0
BRDA:20,16,3,0
BRDA:20,16,4,0
BRDA:20,16,5,11
BRDA:26,17,0,11
BRDA:26,17,1,0
BRDA:26,18,0,11
BRDA:26,18,1,11
BRDA:26,18,2,11
BRDA:26,19,0,11
BRDA:26,19,1,0
BRDA:27,20,0,0
BRDA:27,20,1,0
BRDA:27,21,0,0
BRDA:27,21,1,0
BRDA:27,21,2,0
BRDA:27,21,3,0
BRDA:28,22,0,0
BRDA:28,22,1,0
BRDA:28,23,0,0
BRDA:28,23,1,0
BRDA:29,24,0,0
BRDA:29,24,1,0
BRDA:29,25,0,0
BRDA:29,25,1,0
BRDA:30,26,0,0
BRDA:30,26,1,0
BRDA:35,27,0,0
BRDA:35,27,1,11
BRDA:35,28,0,11
BRDA:35,28,1,0
BRDA:38,29,0,1
BRDA:38,29,1,1
BRDA:38,29,2,1
BRDA:39,30,0,0
BRDA:39,30,1,1
BRDA:39,31,0,1
BRDA:39,31,1,1
BRDA:41,32,0,1
BRDA:41,32,1,0
BRDA:41,33,0,11
BRDA:41,33,1,0
BRDA:64,34,0,1
BRDA:64,34,1,0
BRDA:64,35,0,1
BRDA:64,35,1,1
BRDA:66,36,0,0
BRDA:66,36,1,1
BRDA:70,37,0,0
BRDA:70,37,1,1
BRDA:139,38,0,1
BRDA:139,38,1,0
BRDA:141,39,0,0
BRDA:141,39,1,1
BRDA:145,40,0,0
BRDA:145,40,1,1
BRDA:262,41,0,0
BRDA:262,41,1,1
BRDA:266,42,0,0
BRDA:266,42,1,1
BRDA:309,43,0,0
BRDA:309,43,1,7
BRDA:315,44,0,4
BRDA:315,44,1,3
BRDA:315,45,0,7
BRDA:315,45,1,4
BRDA:315,45,2,4
BRDA:315,45,3,4
BRDA:320,46,0,1
BRDA:320,46,1,3
BRDA:326,47,0,1
BRDA:326,47,1,2
BRDA:345,48,0,0
BRDA:345,48,1,2
BRDA:364,49,0,3
BRDA:364,49,1,0
BRDA:364,50,0,3
BRDA:364,50,1,3
BRDA:366,51,0,1
BRDA:366,51,1,2
BRDA:391,52,0,0
BRDA:391,52,1,2
BRDA:415,53,0,2
BRDA:415,53,1,0
BRDA:466,54,0,0
BRDA:466,54,1,0
BRDA:468,55,0,0
BRDA:468,55,1,0
BRF:125
BRH:64
end_of_record
TN:
SF:/home/cadenet/Documents/NodeFinal/dist/route/school.route.js
FN:3,(anonymous_0)
FN:4,adopt
FN:4,(anonymous_2)
FN:5,(anonymous_3)
FN:6,fulfilled
FN:7,rejected
FN:8,step
FN:12,(anonymous_7)
FN:13,(anonymous_8)
FN:14,(anonymous_9)
FN:15,verb
FN:15,(anonymous_11)
FN:16,step
FN:39,(anonymous_13)
FN:52,(anonymous_14)
FN:53,(anonymous_15)
FN:55,(anonymous_16)
FN:76,(anonymous_17)
FN:155,(anonymous_18)
FN:156,(anonymous_19)
FN:158,(anonymous_20)
FN:181,(anonymous_21)
FN:190,(anonymous_22)
FN:190,(anonymous_23)
FN:252,(anonymous_24)
FN:253,(anonymous_25)
FN:255,(anonymous_26)
FN:280,(anonymous_27)
FN:289,(anonymous_28)
FN:289,(anonymous_29)
FN:351,(anonymous_30)
FN:352,(anonymous_31)
FN:354,(anonymous_32)
FN:379,(anonymous_33)
FN:411,(anonymous_34)
FN:412,(anonymous_35)
FN:414,(anonymous_36)
FN:440,(anonymous_37)
FN:443,(anonymous_38)
FN:455,(anonymous_39)
FN:456,(anonymous_40)
FN:458,(anonymous_41)
FN:482,(anonymous_42)
FN:484,(anonymous_43)
FN:524,(anonymous_44)
FN:525,(anonymous_45)
FN:527,(anonymous_46)
FN:548,(anonymous_47)
FN:554,(anonymous_48)
FN:637,(anonymous_49)
FN:638,(anonymous_50)
FN:640,(anonymous_51)
FN:662,(anonymous_52)
FN:677,(anonymous_53)
FN:680,(anonymous_54)
FN:695,(anonymous_55)
FN:696,(anonymous_56)
FN:698,(anonymous_57)
FN:720,(anonymous_58)
FN:721,(anonymous_59)
FN:722,(anonymous_60)
FNF:61
FNH:55
FNDA:12,(anonymous_0)
FNDA:11,adopt
FNDA:0,(anonymous_2)
FNDA:12,(anonymous_3)
FNDA:11,fulfilled
FNDA:0,rejected
FNDA:23,step
FNDA:12,(anonymous_7)
FNDA:11,(anonymous_8)
FNDA:0,(anonymous_9)
FNDA:36,verb
FNDA:23,(anonymous_11)
FNDA:23,step
FNDA:1,(anonymous_13)
FNDA:1,(anonymous_14)
FNDA:1,(anonymous_15)
FNDA:3,(anonymous_16)
FNDA:245,(anonymous_17)
FNDA:2,(anonymous_18)
FNDA:2,(anonymous_19)
FNDA:6,(anonymous_20)
FNDA:1,(anonymous_21)
FNDA:2,(anonymous_22)
FNDA:8,(anonymous_23)
FNDA:1,(anonymous_24)
FNDA:1,(anonymous_25)
FNDA:3,(anonymous_26)
FNDA:1,(anonymous_27)
FNDA:2,(anonymous_28)
FNDA:0,(anonymous_29)
FNDA:1,(anonymous_30)
FNDA:1,(anonymous_31)
FNDA:3,(anonymous_32)
FNDA:1,(anonymous_33)
FNDA:1,(anonymous_34)
FNDA:1,(anonymous_35)
FNDA:3,(anonymous_36)
FNDA:1,(anonymous_37)
FNDA:0,(anonymous_38)
FNDA:2,(anonymous_39)
FNDA:2,(anonymous_40)
FNDA:6,(anonymous_41)
FNDA:1,(anonymous_42)
FNDA:1,(anonymous_43)
FNDA:1,(anonymous_44)
FNDA:1,(anonymous_45)
FNDA:3,(anonymous_46)
FNDA:245,(anonymous_47)
FNDA:1,(anonymous_48)
FNDA:1,(anonymous_49)
FNDA:1,(anonymous_50)
FNDA:3,(anonymous_51)
FNDA:1,(anonymous_52)
FNDA:1,(anonymous_53)
FNDA:0,(anonymous_54)
FNDA:1,(anonymous_55)
FNDA:1,(anonymous_56)
FNDA:3,(anonymous_57)
FNDA:1,(anonymous_58)
FNDA:1,(anonymous_59)
FNDA:1,(anonymous_60)
DA:3,1
DA:4,11
DA:5,12
DA:6,11
DA:7,0
DA:8,23
DA:9,12
DA:12,1
DA:13,12
DA:14,12
DA:15,36
DA:17,23
DA:18,68
DA:19,68
DA:20,68
DA:21,68
DA:22,23
DA:23,11
DA:24,0
DA:25,0
DA:27,34
DA:28,22
DA:29,11
DA:30,11
DA:31,11
DA:32,11
DA:34,34
DA:35,68
DA:36,12
DA:39,1
DA:40,1
DA:41,1
DA:42,11
DA:43,1
DA:44,1
DA:46,1
DA:47,1
DA:48,1
DA:49,1
DA:50,1
DA:52,1
DA:53,1
DA:55,1
DA:56,3
DA:58,1
DA:59,1
DA:61,1
DA:62,1
DA:63,1
DA:64,1
DA:66,1
DA:67,1
DA:69,0
DA:70,0
DA:71,0
DA:72,0
DA:73,0
DA:75,1
DA:76,1
DA:77,245
DA:79,1
DA:81,1
DA:147,0
DA:149,1
DA:155,1
DA:156,2
DA:158,2
DA:159,6
DA:161,2
DA:162,2
DA:164,2
DA:165,2
DA:166,2
DA:167,2
DA:169,2
DA:170,2
DA:172,0
DA:173,0
DA:174,0
DA:175,0
DA:176,0
DA:178,2
DA:181,1
DA:182,1
DA:183,0
DA:186,1
DA:187,1
DA:188,1
DA:189,1
DA:190,2
DA:191,8
DA:197,1
DA:198,1
DA:199,5
DA:200,0
DA:203,5
DA:205,5
DA:206,0
DA:209,5
DA:211,5
DA:212,5
DA:213,25
DA:214,15
DA:217,10
DA:219,25
DA:220,5
DA:223,5
DA:229,5
DA:231,1
DA:232,1
DA:244,1
DA:246,2
DA:252,1
DA:253,1
DA:255,1
DA:256,3
DA:258,1
DA:259,1
DA:261,1
DA:262,1
DA:263,1
DA:264,1
DA:266,1
DA:267,1
DA:269,0
DA:270,0
DA:271,0
DA:272,0
DA:273,0
DA:275,1
DA:277,1
DA:281,1
DA:282,0
DA:285,1
DA:286,1
DA:287,1
DA:288,1
DA:289,2
DA:290,0
DA:296,1
DA:297,1
DA:298,0
DA:299,0
DA:302,0
DA:304,0
DA:305,0
DA:308,0
DA:310,0
DA:311,0
DA:312,0
DA:313,0
DA:316,0
DA:318,0
DA:319,0
DA:322,0
DA:328,0
DA:330,1
DA:331,1
DA:343,0
DA:345,1
DA:351,1
DA:352,1
DA:354,1
DA:355,3
DA:357,1
DA:358,1
DA:360,1
DA:361,1
DA:362,1
DA:363,1
DA:365,1
DA:366,1
DA:368,0
DA:369,0
DA:370,0
DA:371,0
DA:372,0
DA:374,1
DA:376,1
DA:380,1
DA:381,0
DA:382,1
DA:403,0
DA:405,1
DA:411,1
DA:412,1
DA:414,1
DA:415,3
DA:417,1
DA:418,1
DA:420,1
DA:421,1
DA:422,1
DA:423,1
DA:425,1
DA:426,1
DA:428,0
DA:429,0
DA:430,0
DA:431,0
DA:432,0
DA:434,1
DA:436,1
DA:437,1
DA:438,1
DA:441,1
DA:444,0
DA:448,0
DA:450,1
DA:455,1
DA:456,2
DA:458,2
DA:459,6
DA:461,2
DA:462,2
DA:464,2
DA:465,2
DA:466,2
DA:467,2
DA:469,2
DA:470,2
DA:472,0
DA:473,0
DA:474,0
DA:475,0
DA:476,0
DA:478,2
DA:481,1
DA:482,1
DA:483,1
DA:484,1
DA:485,1
DA:486,0
DA:489,1
DA:511,0
DA:516,1
DA:518,2
DA:524,1
DA:525,1
DA:527,1
DA:528,3
DA:530,1
DA:531,1
DA:533,1
DA:534,1
DA:535,1
DA:536,1
DA:538,1
DA:539,1
DA:541,0
DA:542,0
DA:543,0
DA:544,0
DA:545,0
DA:547,1
DA:548,1
DA:549,245
DA:551,1
DA:553,1
DA:554,1
DA:555,1
DA:629,0
DA:631,1
DA:637,1
DA:638,1
DA:640,1
DA:641,3
DA:643,1
DA:644,1
DA:646,1
DA:647,1
DA:648,1
DA:649,1
DA:651,1
DA:652,1
DA:654,0
DA:655,0
DA:656,0
DA:657,0
DA:658,0
DA:660,1
DA:662,1
DA:663,1
DA:664,0
DA:666,1
DA:667,1
DA:668,1
DA:669,1
DA:670,1
DA:671,1
DA:672,1
DA:673,1
DA:674,1
DA:675,1
DA:678,1
DA:681,0
DA:687,0
DA:689,1
DA:695,1
DA:696,1
DA:698,1
DA:699,3
DA:701,1
DA:702,1
DA:704,1
DA:705,1
DA:706,1
DA:707,1
DA:709,1
DA:710,1
DA:712,0
DA:713,0
DA:714,0
DA:715,0
DA:716,0
DA:718,1
DA:720,1
DA:721,1
DA:722,1
DA:723,1
DA:724,0
DA:727,1
DA:729,1
DA:735,0
DA:737,1
DA:742,1
LF:326
LH:244
BRDA:3,0,0,1
BRDA:3,0,1,1
BRDA:3,0,2,1
BRDA:4,1,0,11
BRDA:4,1,1,0
BRDA:5,2,0,12
BRDA:5,2,1,12
BRDA:8,3,0,12
BRDA:8,3,1,11
BRDA:9,4,0,12
BRDA:9,4,1,12
BRDA:12,5,0,1
BRDA:12,5,1,1
BRDA:12,5,2,1
BRDA:13,6,0,0
BRDA:13,6,1,11
BRDA:14,7,0,12
BRDA:14,7,1,12
BRDA:17,8,0,0
BRDA:17,8,1,23
BRDA:19,9,0,0
BRDA:19,9,1,68
BRDA:19,10,0,68
BRDA:19,10,1,0
BRDA:19,10,2,0
BRDA:19,11,0,0
BRDA:19,11,1,0
BRDA:19,12,0,0
BRDA:19,12,1,0
BRDA:19,13,0,0
BRDA:19,13,1,0
BRDA:19,14,0,0
BRDA:19,14,1,0
BRDA:20,15,0,0
BRDA:20,15,1,68
BRDA:21,16,0,23
BRDA:21,16,1,23
BRDA:21,16,2,11
BRDA:21,16,3,0
BRDA:21,16,4,0
BRDA:21,16,5,34
BRDA:27,17,0,12
BRDA:27,17,1,22
BRDA:27,18,0,34
BRDA:27,18,1,23
BRDA:27,18,2,23
BRDA:27,19,0,34
BRDA:27,19,1,11
BRDA:28,20,0,11
BRDA:28,20,1,11
BRDA:28,21,0,22
BRDA:28,21,1,22
BRDA:28,21,2,11
BRDA:28,21,3,11
BRDA:29,22,0,0
BRDA:29,22,1,11
BRDA:29,23,0,11
BRDA:29,23,1,0
BRDA:30,24,0,0
BRDA:30,24,1,11
BRDA:30,25,0,11
BRDA:30,25,1,11
BRDA:31,26,0,0
BRDA:31,26,1,11
BRDA:36,27,0,0
BRDA:36,27,1,12
BRDA:36,28,0,12
BRDA:36,28,1,0
BRDA:39,29,0,1
BRDA:39,29,1,1
BRDA:39,29,2,1
BRDA:40,30,0,0
BRDA:40,30,1,1
BRDA:40,31,0,1
BRDA:40,31,1,1
BRDA:42,32,0,1
BRDA:42,32,1,0
BRDA:42,33,0,11
BRDA:42,33,1,0
BRDA:56,34,0,1
BRDA:56,34,1,1
BRDA:56,34,2,1
BRDA:56,34,3,0
BRDA:56,34,4,1
BRDA:79,35,0,1
BRDA:79,35,1,0
BRDA:79,36,0,1
BRDA:79,36,1,1
BRDA:159,37,0,2
BRDA:159,37,1,2
BRDA:159,37,2,2
BRDA:159,37,3,0
BRDA:159,37,4,2
BRDA:178,38,0,1
BRDA:178,38,1,1
BRDA:178,39,0,2
BRDA:178,39,1,2
BRDA:178,39,2,1
BRDA:182,40,0,0
BRDA:182,40,1,1
BRDA:191,41,0,0
BRDA:191,41,1,8
BRDA:193,42,0,3
BRDA:193,42,1,5
BRDA:199,43,0,0
BRDA:199,43,1,5
BRDA:205,44,0,0
BRDA:205,44,1,5
BRDA:213,45,0,15
BRDA:213,45,1,10
BRDA:219,46,0,5
BRDA:219,46,1,20
BRDA:256,47,0,1
BRDA:256,47,1,1
BRDA:256,47,2,1
BRDA:256,47,3,0
BRDA:256,47,4,1
BRDA:275,48,0,1
BRDA:275,48,1,0
BRDA:275,49,0,1
BRDA:275,49,1,1
BRDA:281,50,0,0
BRDA:281,50,1,1
BRDA:290,51,0,0
BRDA:290,51,1,0
BRDA:292,52,0,0
BRDA:292,52,1,0
BRDA:298,53,0,0
BRDA:298,53,1,0
BRDA:304,54,0,0
BRDA:304,54,1,0
BRDA:312,55,0,0
BRDA:312,55,1,0
BRDA:318,56,0,0
BRDA:318,56,1,0
BRDA:355,57,0,1
BRDA:355,57,1,1
BRDA:355,57,2,1
BRDA:355,57,3,0
BRDA:355,57,4,1
BRDA:374,58,0,1
BRDA:374,58,1,0
BRDA:374,59,0,1
BRDA:374,59,1,1
BRDA:380,60,0,0
BRDA:380,60,1,1
BRDA:415,61,0,1
BRDA:415,61,1,1
BRDA:415,61,2,1
BRDA:415,61,3,0
BRDA:415,61,4,1
BRDA:434,62,0,1
BRDA:434,62,1,0
BRDA:434,63,0,1
BRDA:434,63,1,1
BRDA:459,64,0,2
BRDA:459,64,1,2
BRDA:459,64,2,2
BRDA:459,64,3,0
BRDA:459,64,4,2
BRDA:478,65,0,1
BRDA:478,65,1,1
BRDA:478,66,0,2
BRDA:478,66,1,2
BRDA:478,66,2,1
BRDA:483,67,0,1
BRDA:483,67,1,0
BRDA:485,68,0,0
BRDA:485,68,1,1
BRDA:528,69,0,1
BRDA:528,69,1,1
BRDA:528,69,2,1
BRDA:528,69,3,0
BRDA:528,69,4,1
BRDA:551,70,0,1
BRDA:551,70,1,0
BRDA:551,71,0,1
BRDA:551,71,1,1
BRDA:641,72,0,1
BRDA:641,72,1,1
BRDA:641,72,2,1
BRDA:641,72,3,0
BRDA:641,72,4,1
BRDA:660,73,0,1
BRDA:660,73,1,0
BRDA:660,74,0,1
BRDA:660,74,1,1
BRDA:663,75,0,0
BRDA:663,75,1,1
BRDA:699,76,0,1
BRDA:699,76,1,1
BRDA:699,76,2,1
BRDA:699,76,3,0
BRDA:699,76,4,1
BRDA:718,77,0,1
BRDA:718,77,1,0
BRDA:718,78,0,1
BRDA:718,78,1,1
BRDA:723,79,0,0
BRDA:723,79,1,1
BRF:200
BRH:136
end_of_record
TN:
SF:/home/cadenet/Documents/NodeFinal/dist/route/user.route.js
FN:2,(anonymous_0)
FN:3,adopt
FN:3,(anonymous_2)
FN:4,(anonymous_3)
FN:5,fulfilled
FN:6,rejected
FN:7,step
FN:11,(anonymous_7)
FN:12,(anonymous_8)
FN:13,(anonymous_9)
FN:14,verb
FN:14,(anonymous_11)
FN:15,step
FN:38,(anonymous_13)
FN:52,(anonymous_14)
FN:53,(anonymous_15)
FN:55,(anonymous_16)
FN:78,(anonymous_17)
FN:96,(anonymous_18)
FN:97,(anonymous_19)
FN:99,(anonymous_20)
FN:122,(anonymous_21)
FN:124,(anonymous_22)
FN:161,(anonymous_23)
FN:162,(anonymous_24)
FN:164,(anonymous_25)
FN:187,(anonymous_26)
FN:189,(anonymous_27)
FN:252,(anonymous_28)
FN:253,(anonymous_29)
FN:255,(anonymous_30)
FN:295,(anonymous_31)
FN:296,(anonymous_32)
FN:297,(anonymous_33)
FN:335,(anonymous_34)
FN:336,(anonymous_35)
FN:338,(anonymous_36)
FN:360,(anonymous_37)
FN:372,(anonymous_38)
FN:376,(anonymous_39)
FN:381,(anonymous_40)
FN:405,(anonymous_41)
FN:406,(anonymous_42)
FN:408,(anonymous_43)
FN:431,(anonymous_44)
FNF:45
FNH:41
FNDA:11,(anonymous_0)
FNDA:11,adopt
FNDA:0,(anonymous_2)
FNDA:11,(anonymous_3)
FNDA:11,fulfilled
FNDA:0,rejected
FNDA:22,step
FNDA:11,(anonymous_7)
FNDA:11,(anonymous_8)
FNDA:0,(anonymous_9)
FNDA:33,verb
FNDA:22,(anonymous_11)
FNDA:22,step
FNDA:2,(anonymous_13)
FNDA:2,(anonymous_14)
FNDA:2,(anonymous_15)
FNDA:6,(anonymous_16)
FNDA:1,(anonymous_17)
FNDA:1,(anonymous_18)
FNDA:1,(anonymous_19)
FNDA:3,(anonymous_20)
FNDA:1,(anonymous_21)
FNDA:0,(anonymous_22)
FNDA:1,(anonymous_23)
FNDA:1,(anonymous_24)
FNDA:3,(anonymous_25)
FNDA:1,(anonymous_26)
FNDA:1,(anonymous_27)
FNDA:2,(anonymous_28)
FNDA:2,(anonymous_29)
FNDA:12,(anonymous_30)
FNDA:2,(anonymous_31)
FNDA:2,(anonymous_32)
FNDA:2,(anonymous_33)
FNDA:1,(anonymous_34)
FNDA:1,(anonymous_35)
FNDA:3,(anonymous_36)
FNDA:1,(anonymous_37)
FNDA:1,(anonymous_38)
FNDA:1,(anonymous_39)
FNDA:1,(anonymous_40)
FNDA:2,(anonymous_41)
FNDA:2,(anonymous_42)
FNDA:6,(anonymous_43)
FNDA:1,(anonymous_44)
DA:2,1
DA:3,11
DA:4,11
DA:5,11
DA:6,0
DA:7,22
DA:8,11
DA:11,1
DA:12,11
DA:13,11
DA:14,33
DA:16,22
DA:17,68
DA:18,68
DA:19,68
DA:20,68
DA:21,22
DA:22,11
DA:23,0
DA:24,0
DA:26,35
DA:27,24
DA:28,11
DA:29,11
DA:30,11
DA:31,11
DA:33,35
DA:34,68
DA:35,11
DA:38,1
DA:39,2
DA:40,2
DA:41,22
DA:42,2
DA:43,2
DA:45,1
DA:46,1
DA:47,1
DA:48,1
DA:49,1
DA:50,1
DA:52,1
DA:53,2
DA:55,2
DA:56,6
DA:58,2
DA:59,2
DA:61,2
DA:62,2
DA:63,2
DA:64,2
DA:66,2
DA:67,2
DA:69,0
DA:70,0
DA:71,0
DA:72,0
DA:73,0
DA:75,2
DA:78,1
DA:79,1
DA:80,0
DA:83,1
DA:88,1
DA:90,2
DA:96,1
DA:97,1
DA:99,1
DA:100,3
DA:102,1
DA:103,1
DA:105,1
DA:106,1
DA:107,1
DA:108,1
DA:110,1
DA:111,1
DA:113,0
DA:114,0
DA:115,0
DA:116,0
DA:117,0
DA:119,1
DA:121,1
DA:122,1
DA:123,1
DA:124,0
DA:125,0
DA:126,0
DA:129,0
DA:148,1
DA:153,0
DA:155,1
DA:161,1
DA:162,1
DA:164,1
DA:165,3
DA:167,1
DA:168,1
DA:170,1
DA:171,1
DA:172,1
DA:173,1
DA:175,1
DA:176,1
DA:178,0
DA:179,0
DA:180,0
DA:181,0
DA:182,0
DA:184,1
DA:186,1
DA:187,1
DA:188,1
DA:189,1
DA:190,1
DA:239,0
DA:244,0
DA:246,1
DA:252,1
DA:253,2
DA:255,2
DA:256,12
DA:258,2
DA:259,2
DA:260,2
DA:263,0
DA:265,2
DA:267,2
DA:268,2
DA:269,2
DA:271,2
DA:272,2
DA:274,0
DA:275,0
DA:276,0
DA:278,2
DA:279,0
DA:280,2
DA:281,2
DA:282,2
DA:284,2
DA:285,2
DA:286,2
DA:288,2
DA:289,2
DA:291,0
DA:292,0
DA:293,0
DA:295,2
DA:296,2
DA:297,2
DA:298,2
DA:299,1
DA:301,2
DA:305,2
DA:307,1
DA:323,1
DA:325,2
DA:327,0
DA:328,0
DA:329,2
DA:335,1
DA:336,1
DA:338,1
DA:339,3
DA:341,1
DA:342,1
DA:344,1
DA:345,1
DA:346,1
DA:347,1
DA:349,1
DA:350,1
DA:352,0
DA:353,0
DA:354,0
DA:355,0
DA:356,0
DA:358,1
DA:360,1
DA:361,1
DA:362,0
DA:364,1
DA:365,1
DA:366,0
DA:368,1
DA:369,1
DA:370,1
DA:371,1
DA:372,1
DA:373,1
DA:374,0
DA:376,1
DA:377,1
DA:378,0
DA:380,1
DA:381,1
DA:382,1
DA:383,1
DA:386,0
DA:397,0
DA:399,1
DA:405,1
DA:406,2
DA:408,2
DA:409,6
DA:411,2
DA:412,2
DA:414,2
DA:415,2
DA:416,2
DA:417,2
DA:419,2
DA:420,2
DA:422,0
DA:423,0
DA:424,0
DA:425,0
DA:426,0
DA:428,2
DA:431,1
DA:432,1
DA:433,0
DA:436,1
DA:437,0
DA:440,1
DA:446,1
DA:448,2
DA:453,1
LF:230
LH:176
BRDA:2,0,0,1
BRDA:2,0,1,1
BRDA:2,0,2,1
BRDA:3,1,0,11
BRDA:3,1,1,0
BRDA:4,2,0,11
BRDA:4,2,1,11
BRDA:7,3,0,11
BRDA:7,3,1,11
BRDA:8,4,0,11
BRDA:8,4,1,11
BRDA:11,5,0,1
BRDA:11,5,1,1
BRDA:11,5,2,1
BRDA:12,6,0,0
BRDA:12,6,1,11
BRDA:13,7,0,11
BRDA:13,7,1,11
BRDA:16,8,0,0
BRDA:16,8,1,22
BRDA:18,9,0,0
BRDA:18,9,1,68
BRDA:18,10,0,68
BRDA:18,10,1,0
BRDA:18,10,2,0
BRDA:18,11,0,0
BRDA:18,11,1,0
BRDA:18,12,0,0
BRDA:18,12,1,0
BRDA:18,13,0,0
BRDA:18,13,1,0
BRDA:18,14,0,0
BRDA:18,14,1,0
BRDA:19,15,0,0
BRDA:19,15,1,68
BRDA:20,16,0,22
BRDA:20,16,1,22
BRDA:20,16,2,11
BRDA:20,16,3,0
BRDA:20,16,4,0
BRDA:20,16,5,35
BRDA:26,17,0,11
BRDA:26,17,1,24
BRDA:26,18,0,35
BRDA:26,18,1,24
BRDA:26,18,2,24
BRDA:26,19,0,35
BRDA:26,19,1,11
BRDA:27,20,0,13
BRDA:27,20,1,11
BRDA:27,21,0,24
BRDA:27,21,1,24
BRDA:27,21,2,11
BRDA:27,21,3,11
BRDA:28,22,0,0
BRDA:28,22,1,11
BRDA:28,23,0,11
BRDA:28,23,1,0
BRDA:29,24,0,0
BRDA:29,24,1,11
BRDA:29,25,0,11
BRDA:29,25,1,11
BRDA:30,26,0,0
BRDA:30,26,1,11
BRDA:35,27,0,0
BRDA:35,27,1,11
BRDA:35,28,0,11
BRDA:35,28,1,0
BRDA:38,29,0,1
BRDA:38,29,1,1
BRDA:38,29,2,1
BRDA:39,30,0,0
BRDA:39,30,1,2
BRDA:39,31,0,2
BRDA:39,31,1,2
BRDA:41,32,0,2
BRDA:41,32,1,0
BRDA:41,33,0,22
BRDA:41,33,1,0
BRDA:56,34,0,2
BRDA:56,34,1,2
BRDA:56,34,2,2
BRDA:56,34,3,0
BRDA:56,34,4,2
BRDA:75,35,0,1
BRDA:75,35,1,1
BRDA:75,36,0,2
BRDA:75,36,1,2
BRDA:75,36,2,2
BRDA:79,37,0,0
BRDA:79,37,1,1
BRDA:100,38,0,1
BRDA:100,38,1,1
BRDA:100,38,2,1
BRDA:100,38,3,0
BRDA:100,38,4,1
BRDA:119,39,0,1
BRDA:119,39,1,0
BRDA:119,40,0,1
BRDA:119,40,1,1
BRDA:123,41,0,0
BRDA:123,41,1,1
BRDA:125,42,0,0
BRDA:125,42,1,0
BRDA:165,43,0,1
BRDA:165,43,1,1
BRDA:165,43,2,1
BRDA:165,43,3,0
BRDA:165,43,4,1
BRDA:184,44,0,1
BRDA:184,44,1,0
BRDA:184,45,0,1
BRDA:184,45,1,1
BRDA:188,46,0,1
BRDA:188,46,1,0
BRDA:188,47,0,1
BRDA:188,47,1,0
BRDA:256,48,0,2
BRDA:256,48,1,2
BRDA:256,48,2,2
BRDA:256,48,3,0
BRDA:256,48,4,2
BRDA:256,48,5,2
BRDA:256,48,6,2
BRDA:256,48,7,0
BRDA:256,48,8,2
BRDA:256,48,9,0
BRDA:256,48,10,2
BRDA:278,49,0,0
BRDA:278,49,1,2
BRDA:278,50,0,2
BRDA:278,50,1,2
BRDA:298,51,0,1
BRDA:298,51,1,1
BRDA:305,52,0,1
BRDA:305,52,1,1
BRDA:305,53,0,2
BRDA:305,53,1,1
BRDA:339,54,0,1
BRDA:339,54,1,1
BRDA:339,54,2,1
BRDA:339,54,3,0
BRDA:339,54,4,1
BRDA:358,55,0,1
BRDA:358,55,1,0
BRDA:358,56,0,1
BRDA:358,56,1,1
BRDA:361,57,0,0
BRDA:361,57,1,1
BRDA:365,58,0,0
BRDA:365,58,1,1
BRDA:373,59,0,0
BRDA:373,59,1,1
BRDA:377,60,0,0
BRDA:377,60,1,1
BRDA:382,61,0,1
BRDA:382,61,1,0
BRDA:409,62,0,2
BRDA:409,62,1,2
BRDA:409,62,2,2
BRDA:409,62,3,0
BRDA:409,62,4,2
BRDA:428,63,0,1
BRDA:428,63,1,1
BRDA:428,64,0,2
BRDA:428,64,1,2
BRDA:428,64,2,2
BRDA:432,65,0,0
BRDA:432,65,1,1
BRDA:436,66,0,0
BRDA:436,66,1,1
BRF:171
BRH:120
end_of_record
